\BOOKMARK [0][-]{chapter.1}{\376\377\000H\000i\000g\000h\000\040\000S\000c\000o\000r\000e\000\040\000T\000a\000b\000l\000e\000s}{}% 1
\BOOKMARK [1][-]{section.1.1}{\376\377\000T\000h\000e\000\040\000s\000i\000m\000p\000l\000e\000\040\000g\000a\000m\000e}{chapter.1}% 2
\BOOKMARK [1][-]{section.1.2}{\376\377\000G\000a\000m\000e\000\040\000O\000v\000e\000r\000\040\000S\000c\000r\000e\000e\000n}{chapter.1}% 3
\BOOKMARK [1][-]{section.1.3}{\376\377\000G\000l\000o\000b\000a\000l\000\040\000v\000a\000r\000i\000a\000b\000l\000e\000s}{chapter.1}% 4
\BOOKMARK [1][-]{section.1.4}{\376\377\000S\000t\000o\000r\000i\000n\000g\000\040\000t\000h\000e\000\040\000n\000a\000m\000e\000s}{chapter.1}% 5
\BOOKMARK [1][-]{section.1.5}{\376\377\000D\000i\000s\000p\000l\000a\000y\000i\000n\000g\000\040\000t\000h\000e\000\040\000h\000i\000g\000h\000\040\000s\000c\000o\000r\000e\000\040\000t\000a\000b\000l\000e}{chapter.1}% 6
\BOOKMARK [1][-]{section.1.6}{\376\377\000M\000e\000n\000u\000\040\000n\000a\000v\000i\000g\000a\000t\000i\000o\000n}{chapter.1}% 7
\BOOKMARK [1][-]{section.1.7}{\376\377\000C\000h\000a\000l\000l\000e\000n\000g\000e\000:\000\040\000f\000i\000x\000\040\000t\000h\000e\000\040\000b\000u\000g}{chapter.1}% 8
\BOOKMARK [1][-]{section.1.8}{\376\377\000S\000a\000v\000i\000n\000g\000\040\000f\000i\000l\000e\000s}{chapter.1}% 9
\BOOKMARK [1][-]{section.1.9}{\376\377\000C\000h\000a\000l\000l\000e\000n\000g\000e\000:\000\040\000D\000e\000f\000a\000u\000l\000t\000\040\000s\000c\000o\000r\000e\000s}{chapter.1}% 10
\BOOKMARK [1][-]{section.1.10}{\376\377\000A\000d\000v\000a\000n\000c\000e\000d\000\040\000C\000h\000a\000l\000l\000e\000n\000g\000e\000\040\000\050\000o\000p\000t\000i\000o\000n\000a\000l\000!\000\051\000:\000\040\000I\000m\000p\000r\000o\000v\000e\000\040\000t\000h\000e\000\040\000o\000r\000g\000a\000n\000i\000s\000a\000t\000i\000o\000n\000\040\000o\000f\000\040\000t\000h\000e\000\040\000c\000o\000d\000e\000.}{chapter.1}% 11
\BOOKMARK [1][-]{section.1.11}{\376\377\000S\000o\000r\000t\000i\000n\000g\000\040\000t\000h\000e\000\040\000s\000c\000o\000r\000e\000s}{chapter.1}% 12
\BOOKMARK [1][-]{section.1.12}{\376\377\000C\000h\000a\000l\000l\000e\000n\000g\000e\000:\000\040\000S\000o\000r\000t\000i\000n\000g}{chapter.1}% 13
\BOOKMARK [1][-]{section.1.13}{\376\377\000M\000o\000r\000e\000\040\000t\000h\000i\000n\000g\000s\000\040\000t\000o\000\040\000t\000r\000y}{chapter.1}% 14
\BOOKMARK [0][-]{chapter.2}{\376\377\000O\000n\000l\000i\000n\000e\000\040\000l\000e\000a\000d\000e\000r\000b\000o\000a\000r\000d\000s}{}% 15
\BOOKMARK [1][-]{section.2.1}{\376\377\000D\000r\000e\000a\000m\000l\000o\000\040\000s\000i\000g\000n\000-\000u\000p}{chapter.2}% 16
\BOOKMARK [1][-]{section.2.2}{\376\377\000S\000u\000b\000m\000i\000t\000t\000i\000n\000g\000\040\000s\000c\000o\000r\000e\000s\000\040\000m\000a\000n\000u\000a\000l\000l\000y}{chapter.2}% 17
\BOOKMARK [1][-]{section.2.3}{\376\377\000S\000u\000b\000m\000i\000t\000t\000i\000n\000g\000\040\000s\000c\000o\000r\000e\000s\000\040\000p\000r\000o\000g\000r\000a\000m\000m\000a\000t\000i\000c\000a\000l\000l\000y}{chapter.2}% 18
\BOOKMARK [1][-]{section.2.4}{\376\377\000D\000o\000w\000n\000l\000o\000a\000d\000i\000n\000g\000\040\000t\000h\000e\000\040\000s\000c\000o\000r\000e\000s\000\040\000p\000r\000o\000g\000r\000a\000m\000m\000a\000t\000i\000c\000a\000l\000l\000y}{chapter.2}% 19
\BOOKMARK [1][-]{section.2.5}{\376\377\000E\000r\000r\000o\000r\000\040\000h\000a\000n\000d\000l\000i\000n\000g}{chapter.2}% 20
\BOOKMARK [1][-]{section.2.6}{\376\377\000C\000h\000a\000l\000l\000e\000n\000g\000e\000s}{chapter.2}% 21
